\BOOKMARK [0][-]{chapter.1}{Terminology \046 Convention}{}% 1
\BOOKMARK [0][-]{chapter.2}{Introduction}{}% 2
\BOOKMARK [1][-]{section.2.1}{Background About Dependent Types}{chapter.2}% 3
\BOOKMARK [1][-]{section.2.2}{Issues with Dependent Types}{chapter.2}% 4
\BOOKMARK [1][-]{section.2.3}{Aim of the Project}{chapter.2}% 5
\BOOKMARK [1][-]{section.2.4}{Organization of This Paper}{chapter.2}% 6
\BOOKMARK [1][-]{section.2.5}{Limitations of the Project}{chapter.2}% 7
\BOOKMARK [0][-]{chapter.3}{Theory}{}% 8
\BOOKMARK [1][-]{section.3.1}{Subtleties of Dependent Type Theory}{chapter.3}% 9
\BOOKMARK [1][-]{section.3.2}{Principles of Definition Implementation}{chapter.3}% 10
\BOOKMARK [1][-]{section.3.3}{Syntax of the Language}{chapter.3}% 11
\BOOKMARK [1][-]{section.3.4}{Operational Semantics}{chapter.3}% 12
\BOOKMARK [1][-]{section.3.5}{Type Checking Algorithm}{chapter.3}% 13
\BOOKMARK [2][-]{subsection.3.5.1}{checkD}{section.3.5}% 14
\BOOKMARK [2][-]{subsection.3.5.2}{checkI}{section.3.5}% 15
\BOOKMARK [2][-]{subsection.3.5.3}{checkT}{section.3.5}% 16
\BOOKMARK [2][-]{subsection.3.5.4}{checkCI}{section.3.5}% 17
\BOOKMARK [2][-]{subsection.3.5.5}{CheckCT}{section.3.5}% 18
\BOOKMARK [1][-]{section.3.6}{Definition Mechanism}{chapter.3}% 19
\BOOKMARK [2][-]{subsection.3.6.1}{Find Minimum Set of Unlocked Constants}{section.3.6}% 20
\BOOKMARK [2][-]{subsection.3.6.2}{Head Reduction}{section.3.6}% 21
\BOOKMARK [0][-]{chapter.4}{Extension}{}% 22
\BOOKMARK [1][-]{section.4.1}{Syntax of the Extended Language}{chapter.4}% 23
\BOOKMARK [1][-]{section.4.2}{Operational Semantics}{chapter.4}% 24
\BOOKMARK [1][-]{section.4.3}{Type Checking Algorithm}{chapter.4}% 25
\BOOKMARK [0][-]{chapter.5}{Results}{}% 26
\BOOKMARK [0][-]{chapter.6}{Conclusion}{}% 27
\BOOKMARK [0][-]{chapter.6}{Bibliography}{}% 28
\BOOKMARK [0][-]{appendix.A}{Appendix}{}% 29
\BOOKMARK [1][-]{section.A.1}{Concrete Syntax for the Basic Language}{appendix.A}% 30
\BOOKMARK [1][-]{section.A.2}{Concrete Syntax for the Extended Language}{appendix.A}% 31
\BOOKMARK [1][-]{section.A.3}{Test Case}{appendix.A}% 32
