\BOOKMARK [0][-]{chapter*.3}{List of Figures}{}% 1
\BOOKMARK [0][-]{chapter*.4}{List of Tables}{}% 2
\BOOKMARK [0][-]{chapter.1}{Introduction}{}% 3
\BOOKMARK [1][-]{section.1.1}{Section levels}{chapter.1}% 4
\BOOKMARK [1][-]{section.1.2}{Section}{chapter.1}% 5
\BOOKMARK [2][-]{subsection.1.2.1}{Subsection}{section.1.2}% 6
\BOOKMARK [3][-]{subsubsection.1.2.1.1}{Subsubsection}{subsection.1.2.1}% 7
\BOOKMARK [0][-]{chapter.2}{Theory}{}% 8
\BOOKMARK [1][-]{section.2.1}{Figure}{chapter.2}% 9
\BOOKMARK [1][-]{section.2.2}{Equation}{chapter.2}% 10
\BOOKMARK [1][-]{section.2.3}{Table}{chapter.2}% 11
\BOOKMARK [1][-]{section.2.4}{Chemical structure}{chapter.2}% 12
\BOOKMARK [1][-]{section.2.5}{Source code listing}{chapter.2}% 13
\BOOKMARK [2][-]{subsection.2.5.1}{Other alternatives to the Theory chapter}{section.2.5}% 14
\BOOKMARK [0][-]{chapter.3}{Methods}{}% 15
\BOOKMARK [0][-]{chapter.4}{Results}{}% 16
\BOOKMARK [0][-]{chapter.5}{Conclusion}{}% 17
\BOOKMARK [1][-]{section.5.1}{Discussion}{chapter.5}% 18
\BOOKMARK [1][-]{section.5.2}{Conclusion}{chapter.5}% 19
\BOOKMARK [0][-]{section.5.2}{Bibliography}{}% 20
\BOOKMARK [0][-]{appendix.A}{Appendix 1}{}% 21
